This file contains any messages produced by compilers while
running configure, to aid debugging if configure makes a mistake.

It was created by libass configure 0.10.1, which was
generated by GNU Autoconf 2.65.  Invocation command line was

  $ ./configure 

## --------- ##
## Platform. ##
## --------- ##

hostname = 021ZJ1711W
uname -m = i686
uname -r = 1.0.17(0.48/3/2)
uname -s = MINGW32_NT-6.1
uname -v = 2011-04-24 23:39

/usr/bin/uname -p = unknown
/bin/uname -X     = unknown

/bin/arch              = unknown
/usr/bin/arch -k       = unknown
/usr/convex/getsysinfo = unknown
/usr/bin/hostinfo      = unknown
/bin/machine           = unknown
/usr/bin/oslevel       = unknown
/bin/universe          = unknown

PATH: .
PATH: /usr/local/bin
PATH: /mingw/bin
PATH: /bin
PATH: /d/Program Files (x86)/AMD APP/bin/x86_64
PATH: /d/Program Files (x86)/AMD APP/bin/x86
PATH: /d/Program Files (x86)/Common Files/NetSarang
PATH: /d/Windows/system32
PATH: /d/Windows
PATH: /d/Windows/System32/Wbem
PATH: /d/Windows/System32/WindowsPowerShell/v1.0/
PATH: /d/Program Files (x86)/Microsoft SQL Server/90/Tools/binn/
PATH: /d/Program Files/TortoiseSVN/bin
PATH: /d/Program Files/Microsoft Windows Performance Toolkit/
PATH: /d/Program Files (x86)/ATI Technologies/ATI.ACE/Core-Static
PATH: /d/Program Files (x86)/MKVToolNix
PATH: /d/Program Files/TortoiseGit/bin
PATH: /d/Program Files (x86)/GPAC


## ----------- ##
## Core tests. ##
## ----------- ##

configure:2584: checking for a BSD-compatible install
configure:2652: result: /bin/install -c
configure:2663: checking whether build environment is sane
configure:2713: result: yes
configure:2854: checking for a thread-safe mkdir -p
configure:2893: result: /bin/mkdir -p
configure:2906: checking for gawk
configure:2922: found /bin/gawk
configure:2933: result: gawk
configure:2944: checking whether make sets $(MAKE)
configure:2966: result: yes
configure:3079: checking build system type
configure:3093: result: i686-pc-mingw32
configure:3113: checking host system type
configure:3126: result: i686-pc-mingw32
configure:3158: checking for style of include used by make
configure:3186: result: GNU
configure:3256: checking for gcc
configure:3272: found /mingw/bin/gcc
configure:3283: result: gcc
configure:3512: checking for C compiler version
configure:3521: gcc --version >&5
gcc.exe (GCC) 4.6.2
Copyright (C) 2011 Free Software Foundation, Inc.
This is free software; see the source for copying conditions.  There is NO
warranty; not even for MERCHANTABILITY or FITNESS FOR A PARTICULAR PURPOSE.

configure:3532: $? = 0
configure:3521: gcc -v >&5
Using built-in specs.
COLLECT_GCC=C:\MinGW\bin\gcc.exe
COLLECT_LTO_WRAPPER=c:/mingw/bin/../libexec/gcc/mingw32/4.6.2/lto-wrapper.exe
Target: mingw32
Configured with: ../gcc-4.6.2/configure --enable-languages=c,c++,ada,fortran,objc,obj-c++ --disable-sjlj-exceptions --with-dwarf2 --enable-shared --enable-libgomp --disable-win32-registry --enable-libstdcxx-debug --enable-version-specific-runtime-libs --build=mingw32 --prefix=/mingw
Thread model: win32
gcc version 4.6.2 (GCC) 
configure:3532: $? = 0
configure:3521: gcc -V >&5
gcc.exe: error: unrecognized option '-V'
gcc.exe: fatal error: no input files
compilation terminated.
configure:3532: $? = 1
configure:3521: gcc -qversion >&5
gcc.exe: error: unrecognized option '-qversion'
gcc.exe: fatal error: no input files
compilation terminated.
configure:3532: $? = 1
configure:3552: checking whether the C compiler works
configure:3574: gcc    conftest.c  >&5
configure:3578: $? = 0
configure:3627: result: yes
configure:3630: checking for C compiler default output file name
configure:3632: result: a.exe
configure:3638: checking for suffix of executables
configure:3645: gcc -o conftest.exe    conftest.c  >&5
configure:3649: $? = 0
configure:3671: result: .exe
configure:3693: checking whether we are cross compiling
configure:3701: gcc -o conftest.exe    conftest.c  >&5
configure:3705: $? = 0
configure:3712: ./conftest.exe
configure:3716: $? = 0
configure:3731: result: no
configure:3736: checking for suffix of object files
configure:3758: gcc -c   conftest.c >&5
configure:3762: $? = 0
configure:3783: result: o
configure:3787: checking whether we are using the GNU C compiler
configure:3806: gcc -c   conftest.c >&5
configure:3806: $? = 0
configure:3815: result: yes
configure:3824: checking whether gcc accepts -g
configure:3844: gcc -c -g  conftest.c >&5
configure:3844: $? = 0
configure:3885: result: yes
configure:3902: checking for gcc option to accept ISO C89
configure:3966: gcc  -c -g -O2  conftest.c >&5
configure:3966: $? = 0
configure:3979: result: none needed
configure:4001: checking dependency style of gcc
configure:4111: result: gcc3
configure:4126: checking for a sed that does not truncate output
configure:4190: result: /bin/sed
configure:4208: checking for grep that handles long lines and -e
configure:4266: result: /bin/grep
configure:4271: checking for egrep
configure:4333: result: /bin/grep -E
configure:4338: checking for fgrep
configure:4400: result: /bin/grep -F
configure:4435: checking for ld used by gcc
configure:4502: result: c:/mingw/mingw32/bin/ld.exe
configure:4509: checking if the linker (c:/mingw/mingw32/bin/ld.exe) is GNU ld
configure:4524: result: yes
configure:4536: checking for BSD- or MS-compatible name lister (nm)
configure:4585: result: /mingw/bin/nm
configure:4703: checking the name lister (/mingw/bin/nm) interface
configure:4710: gcc -c -g -O2  conftest.c >&5
configure:4713: /mingw/bin/nm "conftest.o"
configure:4716: output
00000000 b .bss
00000000 d .data
00000000 N .debug_abbrev
00000000 N .debug_info
00000000 N .debug_line
00000000 t .text
00000000 B _some_variable
configure:4723: result: BSD nm
configure:4726: checking whether ln -s works
configure:4733: result: no, using cp -p
configure:4738: checking the maximum length of command line arguments
configure:4858: result: 8192
configure:4875: checking whether the shell understands some XSI constructs
configure:4885: result: yes
configure:4889: checking whether the shell understands "+="
configure:4895: result: yes
configure:4930: checking for c:/mingw/mingw32/bin/ld.exe option to reload object files
configure:4937: result: -r
configure:5006: checking for objdump
configure:5022: found /mingw/bin/objdump
configure:5033: result: objdump
configure:5065: checking how to recognize dependent libraries
configure:5261: result: file_magic ^x86 archive import|^x86 DLL
configure:5321: checking for ar
configure:5337: found /mingw/bin/ar
configure:5348: result: ar
configure:5426: checking for strip
configure:5442: found /mingw/bin/strip
configure:5453: result: strip
configure:5525: checking for ranlib
configure:5541: found /mingw/bin/ranlib
configure:5552: result: ranlib
configure:5642: checking command to parse /mingw/bin/nm output from gcc object
configure:5760: gcc -c -g -O2  conftest.c >&5
configure:5763: $? = 0
configure:5767: /mingw/bin/nm conftest.o \| sed -n -e 's/^.*[	 ]\([ABCDGIRSTW][ABCDGIRSTW]*\)[	 ][	 ]*\([_A-Za-z][_A-Za-z0-9]*\)\{0,1\}$/\1 \2 \2/p' \> conftest.nm
configure:5770: $? = 0
cannot find nm_test_var in conftest.nm
configure:5760: gcc -c -g -O2  conftest.c >&5
configure:5763: $? = 0
configure:5767: /mingw/bin/nm conftest.o \| sed -n -e 's/^.*[	 ]\([ABCDGIRSTW][ABCDGIRSTW]*\)[	 ][	 ]*_\([_A-Za-z][_A-Za-z0-9]*\)\{0,1\}$/\1 _\2 \2/p' \> conftest.nm
configure:5770: $? = 0
configure:5824: gcc -o conftest.exe -g -O2   conftest.c conftstm.o >&5
configure:5827: $? = 0
configure:5865: result: ok
configure:6674: checking how to run the C preprocessor
configure:6705: gcc -E  conftest.c
configure:6705: $? = 0
configure:6719: gcc -E  conftest.c
conftest.c:11:28: fatal error: ac_nonexistent.h: No such file or directory
compilation terminated.
configure:6719: $? = 1
configure: failed program was:
| /* confdefs.h */
| #define PACKAGE_NAME "libass"
| #define PACKAGE_TARNAME "libass"
| #define PACKAGE_VERSION "0.10.1"
| #define PACKAGE_STRING "libass 0.10.1"
| #define PACKAGE_BUGREPORT ""
| #define PACKAGE_URL ""
| #define PACKAGE "libass"
| #define VERSION "0.10.1"
| /* end confdefs.h.  */
| #include <ac_nonexistent.h>
configure:6744: result: gcc -E
configure:6764: gcc -E  conftest.c
configure:6764: $? = 0
configure:6778: gcc -E  conftest.c
conftest.c:11:28: fatal error: ac_nonexistent.h: No such file or directory
compilation terminated.
configure:6778: $? = 1
configure: failed program was:
| /* confdefs.h */
| #define PACKAGE_NAME "libass"
| #define PACKAGE_TARNAME "libass"
| #define PACKAGE_VERSION "0.10.1"
| #define PACKAGE_STRING "libass 0.10.1"
| #define PACKAGE_BUGREPORT ""
| #define PACKAGE_URL ""
| #define PACKAGE "libass"
| #define VERSION "0.10.1"
| /* end confdefs.h.  */
| #include <ac_nonexistent.h>
configure:6807: checking for ANSI C header files
configure:6827: gcc -c -g -O2  conftest.c >&5
configure:6827: $? = 0
configure:6900: gcc -o conftest.exe -g -O2   conftest.c  >&5
configure:6900: $? = 0
configure:6900: ./conftest.exe
configure:6900: $? = 0
configure:6911: result: yes
configure:6924: checking for sys/types.h
configure:6924: gcc -c -g -O2  conftest.c >&5
configure:6924: $? = 0
configure:6924: result: yes
configure:6924: checking for sys/stat.h
configure:6924: gcc -c -g -O2  conftest.c >&5
configure:6924: $? = 0
configure:6924: result: yes
configure:6924: checking for stdlib.h
configure:6924: gcc -c -g -O2  conftest.c >&5
configure:6924: $? = 0
configure:6924: result: yes
configure:6924: checking for string.h
configure:6924: gcc -c -g -O2  conftest.c >&5
configure:6924: $? = 0
configure:6924: result: yes
configure:6924: checking for memory.h
configure:6924: gcc -c -g -O2  conftest.c >&5
configure:6924: $? = 0
configure:6924: result: yes
configure:6924: checking for strings.h
configure:6924: gcc -c -g -O2  conftest.c >&5
configure:6924: $? = 0
configure:6924: result: yes
configure:6924: checking for inttypes.h
configure:6924: gcc -c -g -O2  conftest.c >&5
configure:6924: $? = 0
configure:6924: result: yes
configure:6924: checking for stdint.h
configure:6924: gcc -c -g -O2  conftest.c >&5
configure:6924: $? = 0
configure:6924: result: yes
configure:6924: checking for unistd.h
configure:6924: gcc -c -g -O2  conftest.c >&5
configure:6924: $? = 0
configure:6924: result: yes
configure:6939: checking for dlfcn.h
configure:6939: gcc -c -g -O2  conftest.c >&5
conftest.c:55:19: fatal error: dlfcn.h: No such file or directory
compilation terminated.
configure:6939: $? = 1
configure: failed program was:
| /* confdefs.h */
| #define PACKAGE_NAME "libass"
| #define PACKAGE_TARNAME "libass"
| #define PACKAGE_VERSION "0.10.1"
| #define PACKAGE_STRING "libass 0.10.1"
| #define PACKAGE_BUGREPORT ""
| #define PACKAGE_URL ""
| #define PACKAGE "libass"
| #define VERSION "0.10.1"
| #define STDC_HEADERS 1
| #define HAVE_SYS_TYPES_H 1
| #define HAVE_SYS_STAT_H 1
| #define HAVE_STDLIB_H 1
| #define HAVE_STRING_H 1
| #define HAVE_MEMORY_H 1
| #define HAVE_STRINGS_H 1
| #define HAVE_INTTYPES_H 1
| #define HAVE_STDINT_H 1
| #define HAVE_UNISTD_H 1
| /* end confdefs.h.  */
| #include <stdio.h>
| #ifdef HAVE_SYS_TYPES_H
| # include <sys/types.h>
| #endif
| #ifdef HAVE_SYS_STAT_H
| # include <sys/stat.h>
| #endif
| #ifdef STDC_HEADERS
| # include <stdlib.h>
| # include <stddef.h>
| #else
| # ifdef HAVE_STDLIB_H
| #  include <stdlib.h>
| # endif
| #endif
| #ifdef HAVE_STRING_H
| # if !defined STDC_HEADERS && defined HAVE_MEMORY_H
| #  include <memory.h>
| # endif
| # include <string.h>
| #endif
| #ifdef HAVE_STRINGS_H
| # include <strings.h>
| #endif
| #ifdef HAVE_INTTYPES_H
| # include <inttypes.h>
| #endif
| #ifdef HAVE_STDINT_H
| # include <stdint.h>
| #endif
| #ifdef HAVE_UNISTD_H
| # include <unistd.h>
| #endif
| 
| #include <dlfcn.h>
configure:6939: result: no
configure:7123: checking for objdir
configure:7138: result: .libs
configure:7434: checking if gcc supports -fno-rtti -fno-exceptions
configure:7452: gcc -c -g -O2  -fno-rtti -fno-exceptions conftest.c >&5
cc1.exe: warning: command line option '-fno-rtti' is valid for C++/ObjC++ but not for C [enabled by default]
configure:7456: $? = 0
configure:7469: result: no
configure:7489: checking for gcc option to produce PIC
configure:7761: result: -DDLL_EXPORT -DPIC
configure:7773: checking if gcc PIC flag -DDLL_EXPORT -DPIC works
configure:7791: gcc -c -g -O2  -DDLL_EXPORT -DPIC -DPIC conftest.c >&5
configure:7795: $? = 0
configure:7808: result: yes
configure:7832: checking if gcc static flag -static works
configure:7860: result: yes
configure:7875: checking if gcc supports -c -o file.o
configure:7896: gcc -c -g -O2  -o out/conftest2.o conftest.c >&5
configure:7900: $? = 0
configure:7922: result: yes
configure:7930: checking if gcc supports -c -o file.o
configure:7977: result: yes
configure:8010: checking whether the gcc linker (c:/mingw/mingw32/bin/ld.exe) supports shared libraries
configure:9001: result: yes
configure:9038: checking whether -lc should be explicitly linked in
configure:9043: gcc -c -g -O2  conftest.c >&5
configure:9046: $? = 0
configure:9061: gcc -shared conftest.o  -v -o ./conftest -Wl,--enable-auto-image-base -Xlinker --out-implib -Xlinker conftest 2\>\&1 \| /bin/grep  -lc  \>/dev/null 2\>\&1
configure:9064: $? = 1
configure:9076: result: yes
configure:9240: checking dynamic linker characteristics
configure:9903: result: Win32 ld.exe
configure:10005: checking how to hardcode library paths into programs
configure:10030: result: immediate
configure:10550: checking whether stripping libraries is possible
configure:10555: result: yes
configure:10590: checking if libtool supports shared libraries
configure:10592: result: yes
configure:10595: checking whether to build shared libraries
configure:10616: result: yes
configure:10619: checking whether to build static libraries
configure:10623: result: yes
configure:10711: checking for gcc
configure:10738: result: gcc
configure:10967: checking for C compiler version
configure:10976: gcc --version >&5
gcc.exe (GCC) 4.6.2
Copyright (C) 2011 Free Software Foundation, Inc.
This is free software; see the source for copying conditions.  There is NO
warranty; not even for MERCHANTABILITY or FITNESS FOR A PARTICULAR PURPOSE.

configure:10987: $? = 0
configure:10976: gcc -v >&5
Using built-in specs.
COLLECT_GCC=C:\MinGW\bin\gcc.exe
COLLECT_LTO_WRAPPER=c:/mingw/bin/../libexec/gcc/mingw32/4.6.2/lto-wrapper.exe
Target: mingw32
Configured with: ../gcc-4.6.2/configure --enable-languages=c,c++,ada,fortran,objc,obj-c++ --disable-sjlj-exceptions --with-dwarf2 --enable-shared --enable-libgomp --disable-win32-registry --enable-libstdcxx-debug --enable-version-specific-runtime-libs --build=mingw32 --prefix=/mingw
Thread model: win32
gcc version 4.6.2 (GCC) 
configure:10987: $? = 0
configure:10976: gcc -V >&5
gcc.exe: error: unrecognized option '-V'
gcc.exe: fatal error: no input files
compilation terminated.
configure:10987: $? = 1
configure:10976: gcc -qversion >&5
gcc.exe: error: unrecognized option '-qversion'
gcc.exe: fatal error: no input files
compilation terminated.
configure:10987: $? = 1
configure:10991: checking whether we are using the GNU C compiler
configure:11019: result: yes
configure:11028: checking whether gcc accepts -g
configure:11089: result: yes
configure:11106: checking for gcc option to accept ISO C89
configure:11183: result: none needed
configure:11205: checking dependency style of gcc
configure:11315: result: gcc3
configure:11335: checking how to run the C preprocessor
configure:11405: result: gcc -E
configure:11425: gcc -E  conftest.c
configure:11425: $? = 0
configure:11439: gcc -E  conftest.c
conftest.c:22:28: fatal error: ac_nonexistent.h: No such file or directory
compilation terminated.
configure:11439: $? = 1
configure: failed program was:
| /* confdefs.h */
| #define PACKAGE_NAME "libass"
| #define PACKAGE_TARNAME "libass"
| #define PACKAGE_VERSION "0.10.1"
| #define PACKAGE_STRING "libass 0.10.1"
| #define PACKAGE_BUGREPORT ""
| #define PACKAGE_URL ""
| #define PACKAGE "libass"
| #define VERSION "0.10.1"
| #define STDC_HEADERS 1
| #define HAVE_SYS_TYPES_H 1
| #define HAVE_SYS_STAT_H 1
| #define HAVE_STDLIB_H 1
| #define HAVE_STRING_H 1
| #define HAVE_MEMORY_H 1
| #define HAVE_STRINGS_H 1
| #define HAVE_INTTYPES_H 1
| #define HAVE_STDINT_H 1
| #define HAVE_UNISTD_H 1
| #define LT_OBJDIR ".libs/"
| /* end confdefs.h.  */
| #include <ac_nonexistent.h>
configure:11468: checking whether gcc and cc understand -c and -o together
configure:11499: gcc -c conftest.c -o conftest2.o >&5
configure:11503: $? = 0
configure:11509: gcc -c conftest.c -o conftest2.o >&5
configure:11513: $? = 0
configure:11524: cc -c conftest.c >&5
configure:11528: $? = 0
configure:11536: cc -c conftest.c -o conftest2.o >&5
configure:11540: $? = 0
configure:11546: cc -c conftest.c -o conftest2.o >&5
configure:11550: $? = 0
configure:11568: result: yes
configure:11595: checking for ANSI C header files
configure:11699: result: yes
configure:11707: checking for stdbool.h that conforms to C99
configure:11792: gcc -c -g -O2  conftest.c >&5
configure:11792: $? = 0
configure:11799: result: yes
configure:11801: checking for _Bool
configure:11801: gcc -c -g -O2  conftest.c >&5
configure:11801: $? = 0
configure:11801: gcc -c -g -O2  conftest.c >&5
conftest.c: In function 'main':
conftest.c:59:20: error: expected expression before ')' token
configure:11801: $? = 1
configure: failed program was:
| /* confdefs.h */
| #define PACKAGE_NAME "libass"
| #define PACKAGE_TARNAME "libass"
| #define PACKAGE_VERSION "0.10.1"
| #define PACKAGE_STRING "libass 0.10.1"
| #define PACKAGE_BUGREPORT ""
| #define PACKAGE_URL ""
| #define PACKAGE "libass"
| #define VERSION "0.10.1"
| #define STDC_HEADERS 1
| #define HAVE_SYS_TYPES_H 1
| #define HAVE_SYS_STAT_H 1
| #define HAVE_STDLIB_H 1
| #define HAVE_STRING_H 1
| #define HAVE_MEMORY_H 1
| #define HAVE_STRINGS_H 1
| #define HAVE_INTTYPES_H 1
| #define HAVE_STDINT_H 1
| #define HAVE_UNISTD_H 1
| #define LT_OBJDIR ".libs/"
| #define STDC_HEADERS 1
| /* end confdefs.h.  */
| #include <stdio.h>
| #ifdef HAVE_SYS_TYPES_H
| # include <sys/types.h>
| #endif
| #ifdef HAVE_SYS_STAT_H
| # include <sys/stat.h>
| #endif
| #ifdef STDC_HEADERS
| # include <stdlib.h>
| # include <stddef.h>
| #else
| # ifdef HAVE_STDLIB_H
| #  include <stdlib.h>
| # endif
| #endif
| #ifdef HAVE_STRING_H
| # if !defined STDC_HEADERS && defined HAVE_MEMORY_H
| #  include <memory.h>
| # endif
| # include <string.h>
| #endif
| #ifdef HAVE_STRINGS_H
| # include <strings.h>
| #endif
| #ifdef HAVE_INTTYPES_H
| # include <inttypes.h>
| #endif
| #ifdef HAVE_STDINT_H
| # include <stdint.h>
| #endif
| #ifdef HAVE_UNISTD_H
| # include <unistd.h>
| #endif
| int
| main ()
| {
| if (sizeof ((_Bool)))
| 	    return 0;
|   ;
|   return 0;
| }
configure:11801: result: yes
configure:11820: checking for inttypes.h
configure:11820: result: yes
configure:11820: checking for stdint.h
configure:11820: result: yes
configure:11820: checking for stdlib.h
configure:11820: result: yes
configure:11820: checking for string.h
configure:11820: result: yes
configure:11820: checking sys/time.h usability
configure:11820: gcc -c -g -O2  conftest.c >&5
configure:11820: $? = 0
configure:11820: result: yes
configure:11820: checking sys/time.h presence
configure:11820: gcc -E  conftest.c
configure:11820: $? = 0
configure:11820: result: yes
configure:11820: checking for sys/time.h
configure:11820: result: yes
configure:11820: checking for unistd.h
configure:11820: result: yes
configure:11820: checking iconv.h usability
configure:11820: gcc -c -g -O2  conftest.c >&5
configure:11820: $? = 0
configure:11820: result: yes
configure:11820: checking iconv.h presence
configure:11820: gcc -E  conftest.c
configure:11820: $? = 0
configure:11820: result: yes
configure:11820: checking for iconv.h
configure:11820: result: yes
configure:11833: checking for an ANSI C-conforming const
configure:11898: gcc -c -g -O2  conftest.c >&5
configure:11898: $? = 0
configure:11905: result: yes
configure:11913: checking for inline
configure:11929: gcc -c -g -O2  conftest.c >&5
configure:11929: $? = 0
configure:11937: result: inline
configure:11955: checking for int64_t
configure:11955: gcc -c -g -O2  conftest.c >&5
configure:11955: $? = 0
configure:11955: gcc -c -g -O2  conftest.c >&5
conftest.c: In function 'main':
conftest.c:70:53: warning: integer overflow in expression [-Woverflow]
conftest.c:69:12: error: size of array 'test_array' is negative
conftest.c:69:12: error: storage size of 'test_array' isn't constant
configure:11955: $? = 1
configure: failed program was:
| /* confdefs.h */
| #define PACKAGE_NAME "libass"
| #define PACKAGE_TARNAME "libass"
| #define PACKAGE_VERSION "0.10.1"
| #define PACKAGE_STRING "libass 0.10.1"
| #define PACKAGE_BUGREPORT ""
| #define PACKAGE_URL ""
| #define PACKAGE "libass"
| #define VERSION "0.10.1"
| #define STDC_HEADERS 1
| #define HAVE_SYS_TYPES_H 1
| #define HAVE_SYS_STAT_H 1
| #define HAVE_STDLIB_H 1
| #define HAVE_STRING_H 1
| #define HAVE_MEMORY_H 1
| #define HAVE_STRINGS_H 1
| #define HAVE_INTTYPES_H 1
| #define HAVE_STDINT_H 1
| #define HAVE_UNISTD_H 1
| #define LT_OBJDIR ".libs/"
| #define STDC_HEADERS 1
| #define HAVE__BOOL 1
| #define HAVE_STDBOOL_H 1
| #define HAVE_INTTYPES_H 1
| #define HAVE_STDINT_H 1
| #define HAVE_STDLIB_H 1
| #define HAVE_STRING_H 1
| #define HAVE_SYS_TIME_H 1
| #define HAVE_UNISTD_H 1
| #define HAVE_ICONV_H 1
| /* end confdefs.h.  */
| #include <stdio.h>
| #ifdef HAVE_SYS_TYPES_H
| # include <sys/types.h>
| #endif
| #ifdef HAVE_SYS_STAT_H
| # include <sys/stat.h>
| #endif
| #ifdef STDC_HEADERS
| # include <stdlib.h>
| # include <stddef.h>
| #else
| # ifdef HAVE_STDLIB_H
| #  include <stdlib.h>
| # endif
| #endif
| #ifdef HAVE_STRING_H
| # if !defined STDC_HEADERS && defined HAVE_MEMORY_H
| #  include <memory.h>
| # endif
| # include <string.h>
| #endif
| #ifdef HAVE_STRINGS_H
| # include <strings.h>
| #endif
| #ifdef HAVE_INTTYPES_H
| # include <inttypes.h>
| #endif
| #ifdef HAVE_STDINT_H
| # include <stdint.h>
| #endif
| #ifdef HAVE_UNISTD_H
| # include <unistd.h>
| #endif
| 	        enum { N = 64 / 2 - 1 };
| int
| main ()
| {
| static int test_array [1 - 2 * !((int64_t) (((((int64_t) 1 << N) << N) - 1) * 2 + 1)
| 		 < (int64_t) (((((int64_t) 1 << N) << N) - 1) * 2 + 2))];
| test_array [0] = 0
| 
|   ;
|   return 0;
| }
configure:11955: result: yes
configure:11966: checking for size_t
configure:11966: gcc -c -g -O2  conftest.c >&5
configure:11966: $? = 0
configure:11966: gcc -c -g -O2  conftest.c >&5
conftest.c: In function 'main':
conftest.c:68:21: error: expected expression before ')' token
configure:11966: $? = 1
configure: failed program was:
| /* confdefs.h */
| #define PACKAGE_NAME "libass"
| #define PACKAGE_TARNAME "libass"
| #define PACKAGE_VERSION "0.10.1"
| #define PACKAGE_STRING "libass 0.10.1"
| #define PACKAGE_BUGREPORT ""
| #define PACKAGE_URL ""
| #define PACKAGE "libass"
| #define VERSION "0.10.1"
| #define STDC_HEADERS 1
| #define HAVE_SYS_TYPES_H 1
| #define HAVE_SYS_STAT_H 1
| #define HAVE_STDLIB_H 1
| #define HAVE_STRING_H 1
| #define HAVE_MEMORY_H 1
| #define HAVE_STRINGS_H 1
| #define HAVE_INTTYPES_H 1
| #define HAVE_STDINT_H 1
| #define HAVE_UNISTD_H 1
| #define LT_OBJDIR ".libs/"
| #define STDC_HEADERS 1
| #define HAVE__BOOL 1
| #define HAVE_STDBOOL_H 1
| #define HAVE_INTTYPES_H 1
| #define HAVE_STDINT_H 1
| #define HAVE_STDLIB_H 1
| #define HAVE_STRING_H 1
| #define HAVE_SYS_TIME_H 1
| #define HAVE_UNISTD_H 1
| #define HAVE_ICONV_H 1
| /* end confdefs.h.  */
| #include <stdio.h>
| #ifdef HAVE_SYS_TYPES_H
| # include <sys/types.h>
| #endif
| #ifdef HAVE_SYS_STAT_H
| # include <sys/stat.h>
| #endif
| #ifdef STDC_HEADERS
| # include <stdlib.h>
| # include <stddef.h>
| #else
| # ifdef HAVE_STDLIB_H
| #  include <stdlib.h>
| # endif
| #endif
| #ifdef HAVE_STRING_H
| # if !defined STDC_HEADERS && defined HAVE_MEMORY_H
| #  include <memory.h>
| # endif
| # include <string.h>
| #endif
| #ifdef HAVE_STRINGS_H
| # include <strings.h>
| #endif
| #ifdef HAVE_INTTYPES_H
| # include <inttypes.h>
| #endif
| #ifdef HAVE_STDINT_H
| # include <stdint.h>
| #endif
| #ifdef HAVE_UNISTD_H
| # include <unistd.h>
| #endif
| int
| main ()
| {
| if (sizeof ((size_t)))
| 	    return 0;
|   ;
|   return 0;
| }
configure:11966: result: yes
configure:11977: checking for uint32_t
configure:11977: gcc -c -g -O2  conftest.c >&5
configure:11977: $? = 0
configure:11977: result: yes
configure:11991: checking for uint8_t
configure:11991: gcc -c -g -O2  conftest.c >&5
configure:11991: $? = 0
configure:11991: result: yes
configure:12010: checking for mkdir
configure:12010: gcc -o conftest.exe -g -O2   conftest.c  >&5
configure:12010: $? = 0
configure:12010: result: yes
configure:12010: checking for strcasecmp
configure:12010: gcc -o conftest.exe -g -O2   conftest.c  >&5
conftest.c:56:6: warning: conflicting types for built-in function 'strcasecmp' [enabled by default]
c:/mingw/bin/../lib/gcc/mingw32/4.6.2/../../../../mingw32/bin/ld.exe: reopening conftest.exe: Permission denied

c:/mingw/bin/../lib/gcc/mingw32/4.6.2/../../../../mingw32/bin/ld.exe: final link failed: Permission denied
collect2: ld returned 1 exit status
configure:12010: $? = 1
configure: failed program was:
| /* confdefs.h */
| #define PACKAGE_NAME "libass"
| #define PACKAGE_TARNAME "libass"
| #define PACKAGE_VERSION "0.10.1"
| #define PACKAGE_STRING "libass 0.10.1"
| #define PACKAGE_BUGREPORT ""
| #define PACKAGE_URL ""
| #define PACKAGE "libass"
| #define VERSION "0.10.1"
| #define STDC_HEADERS 1
| #define HAVE_SYS_TYPES_H 1
| #define HAVE_SYS_STAT_H 1
| #define HAVE_STDLIB_H 1
| #define HAVE_STRING_H 1
| #define HAVE_MEMORY_H 1
| #define HAVE_STRINGS_H 1
| #define HAVE_INTTYPES_H 1
| #define HAVE_STDINT_H 1
| #define HAVE_UNISTD_H 1
| #define LT_OBJDIR ".libs/"
| #define STDC_HEADERS 1
| #define HAVE__BOOL 1
| #define HAVE_STDBOOL_H 1
| #define HAVE_INTTYPES_H 1
| #define HAVE_STDINT_H 1
| #define HAVE_STDLIB_H 1
| #define HAVE_STRING_H 1
| #define HAVE_SYS_TIME_H 1
| #define HAVE_UNISTD_H 1
| #define HAVE_ICONV_H 1
| #define HAVE_MKDIR 1
| /* end confdefs.h.  */
| /* Define strcasecmp to an innocuous variant, in case <limits.h> declares strcasecmp.
|    For example, HP-UX 11i <limits.h> declares gettimeofday.  */
| #define strcasecmp innocuous_strcasecmp
| 
| /* System header to define __stub macros and hopefully few prototypes,
|     which can conflict with char strcasecmp (); below.
|     Prefer <limits.h> to <assert.h> if __STDC__ is defined, since
|     <limits.h> exists even on freestanding compilers.  */
| 
| #ifdef __STDC__
| # include <limits.h>
| #else
| # include <assert.h>
| #endif
| 
| #undef strcasecmp
| 
| /* Override any GCC internal prototype to avoid an error.
|    Use char because int might match the return type of a GCC
|    builtin and then its argument prototype would still apply.  */
| #ifdef __cplusplus
| extern "C"
| #endif
| char strcasecmp ();
| /* The GNU C library defines this for functions which it implements
|     to always fail with ENOSYS.  Some functions are actually named
|     something starting with __ and the normal name is an alias.  */
| #if defined __stub_strcasecmp || defined __stub___strcasecmp
| choke me
| #endif
| 
| int
| main ()
| {
| return strcasecmp ();
|   ;
|   return 0;
| }
configure:12010: result: no
configure:12010: checking for strdup
configure:12010: gcc -o conftest.exe -g -O2   conftest.c  >&5
conftest.c:56:6: warning: conflicting types for built-in function 'strdup' [enabled by default]
configure:12010: $? = 0
configure:12010: result: yes
configure:12010: checking for strtol
configure:12010: gcc -o conftest.exe -g -O2   conftest.c  >&5
configure:12010: $? = 0
configure:12010: result: yes
configure:12022: checking for library containing iconv_open
configure:12053: gcc -o conftest.exe -g -O2   conftest.c  >&5
D:\Users\MORHAI~1\AppData\Local\Temp\ccKSeSUO.o: In function `main':
e:\github\libass-0.10.1/conftest.c:46: undefined reference to `iconv_open'
collect2: ld returned 1 exit status
configure:12053: $? = 1
configure: failed program was:
| /* confdefs.h */
| #define PACKAGE_NAME "libass"
| #define PACKAGE_TARNAME "libass"
| #define PACKAGE_VERSION "0.10.1"
| #define PACKAGE_STRING "libass 0.10.1"
| #define PACKAGE_BUGREPORT ""
| #define PACKAGE_URL ""
| #define PACKAGE "libass"
| #define VERSION "0.10.1"
| #define STDC_HEADERS 1
| #define HAVE_SYS_TYPES_H 1
| #define HAVE_SYS_STAT_H 1
| #define HAVE_STDLIB_H 1
| #define HAVE_STRING_H 1
| #define HAVE_MEMORY_H 1
| #define HAVE_STRINGS_H 1
| #define HAVE_INTTYPES_H 1
| #define HAVE_STDINT_H 1
| #define HAVE_UNISTD_H 1
| #define LT_OBJDIR ".libs/"
| #define STDC_HEADERS 1
| #define HAVE__BOOL 1
| #define HAVE_STDBOOL_H 1
| #define HAVE_INTTYPES_H 1
| #define HAVE_STDINT_H 1
| #define HAVE_STDLIB_H 1
| #define HAVE_STRING_H 1
| #define HAVE_SYS_TIME_H 1
| #define HAVE_UNISTD_H 1
| #define HAVE_ICONV_H 1
| #define HAVE_MKDIR 1
| #define HAVE_STRDUP 1
| #define HAVE_STRTOL 1
| /* end confdefs.h.  */
| 
| /* Override any GCC internal prototype to avoid an error.
|    Use char because int might match the return type of a GCC
|    builtin and then its argument prototype would still apply.  */
| #ifdef __cplusplus
| extern "C"
| #endif
| char iconv_open ();
| int
| main ()
| {
| return iconv_open ();
|   ;
|   return 0;
| }
configure:12053: gcc -o conftest.exe -g -O2   conftest.c -liconv   >&5
D:\Users\MORHAI~1\AppData\Local\Temp\ccHYSuEk.o: In function `main':
e:\github\libass-0.10.1/conftest.c:46: undefined reference to `iconv_open'
collect2: ld returned 1 exit status
configure:12053: $? = 1
configure: failed program was:
| /* confdefs.h */
| #define PACKAGE_NAME "libass"
| #define PACKAGE_TARNAME "libass"
| #define PACKAGE_VERSION "0.10.1"
| #define PACKAGE_STRING "libass 0.10.1"
| #define PACKAGE_BUGREPORT ""
| #define PACKAGE_URL ""
| #define PACKAGE "libass"
| #define VERSION "0.10.1"
| #define STDC_HEADERS 1
| #define HAVE_SYS_TYPES_H 1
| #define HAVE_SYS_STAT_H 1
| #define HAVE_STDLIB_H 1
| #define HAVE_STRING_H 1
| #define HAVE_MEMORY_H 1
| #define HAVE_STRINGS_H 1
| #define HAVE_INTTYPES_H 1
| #define HAVE_STDINT_H 1
| #define HAVE_UNISTD_H 1
| #define LT_OBJDIR ".libs/"
| #define STDC_HEADERS 1
| #define HAVE__BOOL 1
| #define HAVE_STDBOOL_H 1
| #define HAVE_INTTYPES_H 1
| #define HAVE_STDINT_H 1
| #define HAVE_STDLIB_H 1
| #define HAVE_STRING_H 1
| #define HAVE_SYS_TIME_H 1
| #define HAVE_UNISTD_H 1
| #define HAVE_ICONV_H 1
| #define HAVE_MKDIR 1
| #define HAVE_STRDUP 1
| #define HAVE_STRTOL 1
| /* end confdefs.h.  */
| 
| /* Override any GCC internal prototype to avoid an error.
|    Use char because int might match the return type of a GCC
|    builtin and then its argument prototype would still apply.  */
| #ifdef __cplusplus
| extern "C"
| #endif
| char iconv_open ();
| int
| main ()
| {
| return iconv_open ();
|   ;
|   return 0;
| }
configure:12070: result: no
configure:12080: checking for fabs in -lm
configure:12105: gcc -o conftest.exe -g -O2   conftest.c -lm   >&5
conftest.c:42:6: warning: conflicting types for built-in function 'fabs' [enabled by default]
configure:12105: $? = 0
configure:12114: result: yes
configure:12197: checking for pkg-config
configure:12215: found /bin/pkg-config
configure:12227: result: /bin/pkg-config
configure:12252: checking pkg-config is at least version 0.9.0
configure:12255: result: yes
configure:12266: checking for FREETYPE
configure:12274: $PKG_CONFIG --exists --print-errors "freetype2 >= 9.10.3"
Package freetype2 was not found in the pkg-config search path.
Perhaps you should add the directory containing `freetype2.pc'
to the PKG_CONFIG_PATH environment variable
No package 'freetype2' found
configure:12277: $? = 1
configure:12292: $PKG_CONFIG --exists --print-errors "freetype2 >= 9.10.3"
Package freetype2 was not found in the pkg-config search path.
Perhaps you should add the directory containing `freetype2.pc'
to the PKG_CONFIG_PATH environment variable
No package 'freetype2' found
configure:12295: $? = 1
No package 'freetype2' found
configure:12333: error: Package requirements (freetype2 >= 9.10.3) were not met:

No package 'freetype2' found

Consider adjusting the PKG_CONFIG_PATH environment variable if you
installed software in a non-standard prefix.

Alternatively, you may set the environment variables FREETYPE_CFLAGS
and FREETYPE_LIBS to avoid the need to call pkg-config.
See the pkg-config man page for more details.


## ---------------- ##
## Cache variables. ##
## ---------------- ##

ac_cv_build=i686-pc-mingw32
ac_cv_c_compiler_gnu=yes
ac_cv_c_const=yes
ac_cv_c_inline=inline
ac_cv_c_int64_t=yes
ac_cv_c_uint32_t=yes
ac_cv_c_uint8_t=yes
ac_cv_env_CC_set=
ac_cv_env_CC_value=
ac_cv_env_CFLAGS_set=
ac_cv_env_CFLAGS_value=
ac_cv_env_CPPFLAGS_set=
ac_cv_env_CPPFLAGS_value=
ac_cv_env_CPP_set=
ac_cv_env_CPP_value=
ac_cv_env_ENCA_CFLAGS_set=
ac_cv_env_ENCA_CFLAGS_value=
ac_cv_env_ENCA_LIBS_set=
ac_cv_env_ENCA_LIBS_value=
ac_cv_env_FONTCONFIG_CFLAGS_set=
ac_cv_env_FONTCONFIG_CFLAGS_value=
ac_cv_env_FONTCONFIG_LIBS_set=
ac_cv_env_FONTCONFIG_LIBS_value=
ac_cv_env_FREETYPE_CFLAGS_set=
ac_cv_env_FREETYPE_CFLAGS_value=
ac_cv_env_FREETYPE_LIBS_set=
ac_cv_env_FREETYPE_LIBS_value=
ac_cv_env_FRIBIDI_CFLAGS_set=
ac_cv_env_FRIBIDI_CFLAGS_value=
ac_cv_env_FRIBIDI_LIBS_set=
ac_cv_env_FRIBIDI_LIBS_value=
ac_cv_env_HARFBUZZ_CFLAGS_set=
ac_cv_env_HARFBUZZ_CFLAGS_value=
ac_cv_env_HARFBUZZ_LIBS_set=
ac_cv_env_HARFBUZZ_LIBS_value=
ac_cv_env_LDFLAGS_set=
ac_cv_env_LDFLAGS_value=
ac_cv_env_LIBPNG_CFLAGS_set=
ac_cv_env_LIBPNG_CFLAGS_value=
ac_cv_env_LIBPNG_LIBS_set=
ac_cv_env_LIBPNG_LIBS_value=
ac_cv_env_LIBS_set=
ac_cv_env_LIBS_value=
ac_cv_env_PKG_CONFIG_set=
ac_cv_env_PKG_CONFIG_value=
ac_cv_env_build_alias_set=
ac_cv_env_build_alias_value=
ac_cv_env_host_alias_set=
ac_cv_env_host_alias_value=
ac_cv_env_target_alias_set=
ac_cv_env_target_alias_value=
ac_cv_exeext=.exe
ac_cv_func_mkdir=yes
ac_cv_func_strcasecmp=no
ac_cv_func_strdup=yes
ac_cv_func_strtol=yes
ac_cv_header_dlfcn_h=no
ac_cv_header_iconv_h=yes
ac_cv_header_inttypes_h=yes
ac_cv_header_memory_h=yes
ac_cv_header_stdbool_h=yes
ac_cv_header_stdc=yes
ac_cv_header_stdint_h=yes
ac_cv_header_stdlib_h=yes
ac_cv_header_string_h=yes
ac_cv_header_strings_h=yes
ac_cv_header_sys_stat_h=yes
ac_cv_header_sys_time_h=yes
ac_cv_header_sys_types_h=yes
ac_cv_header_unistd_h=yes
ac_cv_host=i686-pc-mingw32
ac_cv_lib_m_fabs=yes
ac_cv_objext=o
ac_cv_path_EGREP='/bin/grep -E'
ac_cv_path_FGREP='/bin/grep -F'
ac_cv_path_GREP=/bin/grep
ac_cv_path_SED=/bin/sed
ac_cv_path_ac_pt_PKG_CONFIG=/bin/pkg-config
ac_cv_path_install='/bin/install -c'
ac_cv_path_mkdir=/bin/mkdir
ac_cv_prog_AWK=gawk
ac_cv_prog_CPP='gcc -E'
ac_cv_prog_ac_ct_AR=ar
ac_cv_prog_ac_ct_CC=gcc
ac_cv_prog_ac_ct_OBJDUMP=objdump
ac_cv_prog_ac_ct_RANLIB=ranlib
ac_cv_prog_ac_ct_STRIP=strip
ac_cv_prog_cc_c89=
ac_cv_prog_cc_g=yes
ac_cv_prog_cc_gcc_c_o=yes
ac_cv_prog_make_make_set=yes
ac_cv_search_iconv_open=no
ac_cv_type__Bool=yes
ac_cv_type_size_t=yes
am_cv_CC_dependencies_compiler_type=gcc3
lt_cv_deplibs_check_method='file_magic ^x86 archive import|^x86 DLL'
lt_cv_file_magic_cmd=func_win32_libid
lt_cv_file_magic_test_file=
lt_cv_ld_reload_flag=-r
lt_cv_nm_interface='BSD nm'
lt_cv_objdir=.libs
lt_cv_path_LD=c:/mingw/mingw32/bin/ld.exe
lt_cv_path_NM=/mingw/bin/nm
lt_cv_prog_compiler_c_o=yes
lt_cv_prog_compiler_pic_works=yes
lt_cv_prog_compiler_rtti_exceptions=no
lt_cv_prog_compiler_static_works=yes
lt_cv_prog_gnu_ld=yes
lt_cv_sys_global_symbol_pipe='sed -n -e '\''s/^.*[	 ]\([ABCDGIRSTW][ABCDGIRSTW]*\)[	 ][	 ]*_\([_A-Za-z][_A-Za-z0-9]*\)\{0,1\}$/\1 _\2 \2/p'\'''
lt_cv_sys_global_symbol_to_c_name_address='sed -n -e '\''s/^: \([^ ]*\) $/  {\"\1\", (void *) 0},/p'\'' -e '\''s/^[ABCDGIRSTW]* \([^ ]*\) \([^ ]*\)$/  {"\2", (void *) \&\2},/p'\'''
lt_cv_sys_global_symbol_to_c_name_address_lib_prefix='sed -n -e '\''s/^: \([^ ]*\) $/  {\"\1\", (void *) 0},/p'\'' -e '\''s/^[ABCDGIRSTW]* \([^ ]*\) \(lib[^ ]*\)$/  {"\2", (void *) \&\2},/p'\'' -e '\''s/^[ABCDGIRSTW]* \([^ ]*\) \([^ ]*\)$/  {"lib\2", (void *) \&\2},/p'\'''
lt_cv_sys_global_symbol_to_cdecl='sed -n -e '\''s/^T .* \(.*\)$/extern int \1();/p'\'' -e '\''s/^[ABCDGIRSTW]* .* \(.*\)$/extern char \1;/p'\'''
lt_cv_sys_max_cmd_len=8192

## ----------------- ##
## Output variables. ##
## ----------------- ##

ACLOCAL='${SHELL} /e/github/libass-0.10.1/missing --run aclocal-1.11'
AMDEPBACKSLASH='\'
AMDEP_FALSE='#'
AMDEP_TRUE=''
AMTAR='${SHELL} /e/github/libass-0.10.1/missing --run tar'
AM_BACKSLASH=''
AM_DEFAULT_VERBOSITY=''
AR='ar'
AUTOCONF='${SHELL} /e/github/libass-0.10.1/missing --run autoconf'
AUTOHEADER='${SHELL} /e/github/libass-0.10.1/missing --run autoheader'
AUTOMAKE='${SHELL} /e/github/libass-0.10.1/missing --run automake-1.11'
AWK='gawk'
CC='gcc'
CCDEPMODE='depmode=gcc3'
CFLAGS='-g -O2'
CPP='gcc -E'
CPPFLAGS=''
CYGPATH_W='echo'
DEFS=''
DEPDIR='.deps'
DSYMUTIL=''
DUMPBIN=''
ECHO_C=''
ECHO_N='-n'
ECHO_T=''
EGREP='/bin/grep -E'
ENCA_CFLAGS=''
ENCA_LIBS=''
EXEEXT='.exe'
FGREP='/bin/grep -F'
FONTCONFIG_CFLAGS=''
FONTCONFIG_LIBS=''
FREETYPE_CFLAGS=''
FREETYPE_LIBS=''
FRIBIDI_CFLAGS=''
FRIBIDI_LIBS=''
GREP='/bin/grep'
HARFBUZZ_CFLAGS=''
HARFBUZZ_LIBS=''
HAVE_LIBPNG_FALSE=''
HAVE_LIBPNG_TRUE=''
INSTALL_DATA='${INSTALL} -m 644'
INSTALL_PROGRAM='${INSTALL}'
INSTALL_SCRIPT='${INSTALL}'
INSTALL_STRIP_PROGRAM='$(install_sh) -c -s'
LD='c:/mingw/mingw32/bin/ld.exe'
LDFLAGS=''
LIBOBJS=''
LIBPNG_CFLAGS=''
LIBPNG_LIBS=''
LIBS='-lm '
LIBTOOL='$(SHELL) $(top_builddir)/libtool'
LIPO=''
LN_S='cp -p'
LTLIBOBJS=''
MAKEINFO='${SHELL} /e/github/libass-0.10.1/missing --run makeinfo'
MKDIR_P='/bin/mkdir -p'
NM='/mingw/bin/nm'
NMEDIT=''
OBJDUMP='objdump'
OBJEXT='o'
OTOOL64=''
OTOOL=''
PACKAGE='libass'
PACKAGE_BUGREPORT=''
PACKAGE_NAME='libass'
PACKAGE_STRING='libass 0.10.1'
PACKAGE_TARNAME='libass'
PACKAGE_URL=''
PACKAGE_VERSION='0.10.1'
PATH_SEPARATOR=':'
PKG_CONFIG='/bin/pkg-config'
PKG_LIBS_DEFAULT=''
PKG_LIBS_PRIVATE=''
PKG_REQUIRES_DEFAULT=''
PKG_REQUIRES_PRIVATE=''
RANLIB='ranlib'
SED='/bin/sed'
SET_MAKE=''
SHELL='/bin/sh'
STRIP='strip'
VERSION='0.10.1'
ac_ct_CC='gcc'
ac_ct_DUMPBIN=''
am__EXEEXT_FALSE=''
am__EXEEXT_TRUE=''
am__fastdepCC_FALSE='#'
am__fastdepCC_TRUE=''
am__include='include'
am__isrc=''
am__leading_dot='.'
am__quote=''
am__tar='${AMTAR} chof - "$$tardir"'
am__untar='${AMTAR} xf -'
bindir='${exec_prefix}/bin'
build='i686-pc-mingw32'
build_alias=''
build_cpu='i686'
build_os='mingw32'
build_vendor='pc'
datadir='${datarootdir}'
datarootdir='${prefix}/share'
docdir='${datarootdir}/doc/${PACKAGE_TARNAME}'
dvidir='${docdir}'
exec_prefix='NONE'
host='i686-pc-mingw32'
host_alias=''
host_cpu='i686'
host_os='mingw32'
host_vendor='pc'
htmldir='${docdir}'
includedir='${prefix}/include'
infodir='${datarootdir}/info'
install_sh='${SHELL} /e/github/libass-0.10.1/install-sh'
libdir='${exec_prefix}/lib'
libexecdir='${exec_prefix}/libexec'
localedir='${datarootdir}/locale'
localstatedir='${prefix}/var'
lt_ECHO='echo'
mandir='${datarootdir}/man'
mkdir_p='/bin/mkdir -p'
oldincludedir='/usr/include'
pdfdir='${docdir}'
prefix='NONE'
program_transform_name='s,x,x,'
psdir='${docdir}'
sbindir='${exec_prefix}/sbin'
sharedstatedir='${prefix}/com'
sysconfdir='${prefix}/etc'
target_alias=''

## ----------- ##
## confdefs.h. ##
## ----------- ##

/* confdefs.h */
#define PACKAGE_NAME "libass"
#define PACKAGE_TARNAME "libass"
#define PACKAGE_VERSION "0.10.1"
#define PACKAGE_STRING "libass 0.10.1"
#define PACKAGE_BUGREPORT ""
#define PACKAGE_URL ""
#define PACKAGE "libass"
#define VERSION "0.10.1"
#define STDC_HEADERS 1
#define HAVE_SYS_TYPES_H 1
#define HAVE_SYS_STAT_H 1
#define HAVE_STDLIB_H 1
#define HAVE_STRING_H 1
#define HAVE_MEMORY_H 1
#define HAVE_STRINGS_H 1
#define HAVE_INTTYPES_H 1
#define HAVE_STDINT_H 1
#define HAVE_UNISTD_H 1
#define LT_OBJDIR ".libs/"
#define STDC_HEADERS 1
#define HAVE__BOOL 1
#define HAVE_STDBOOL_H 1
#define HAVE_INTTYPES_H 1
#define HAVE_STDINT_H 1
#define HAVE_STDLIB_H 1
#define HAVE_STRING_H 1
#define HAVE_SYS_TIME_H 1
#define HAVE_UNISTD_H 1
#define HAVE_ICONV_H 1
#define HAVE_MKDIR 1
#define HAVE_STRDUP 1
#define HAVE_STRTOL 1
#define HAVE_LIBM 1

configure: exit 1
